[35m[Appium][39m Welcome to Appium v1.22.3
[35m[Appium][39m Non-default server args:
[35m[Appium][39m   port: 62158
[35m[Appium][39m   loglevel: info
[35m[Appium][39m   tmpDir: C:\Users\ASUS\AppData\Local\Temp\\Katalon\Appium\Temp1685474945282
[35m[Appium][39m   chromedriverPort: 62159
[35m[Appium][39m Deprecated server args:
[35m[Appium][39m   [31m--chromedriver-port[39m => --default-capabilities
[35m[Appium][39m Default capabilities, which will be added to each request unless overridden by desired capabilities:
[35m[Appium][39m   chromedriverPort: 62159
[35m[Appium][39m Appium REST http interface listener started on 0.0.0.0:62158
[35m[HTTP][39m [37m-->[39m [37mGET[39m [37m/wd/hub/status[39m
[35m[HTTP][39m [90m{}[39m
[35m[HTTP][39m [37m<-- GET /wd/hub/status [39m[32m200[39m [90m18 ms - 68[39m
[35m[HTTP][39m [90m[39m
[35m[HTTP][39m [37m-->[39m [37mGET[39m [37m/wd/hub/status[39m
[35m[HTTP][39m [90m{}[39m
[35m[HTTP][39m [37m<-- GET /wd/hub/status [39m[32m200[39m [90m2 ms - 68[39m
[35m[HTTP][39m [90m[39m
[35m[HTTP][39m [37m-->[39m [37mPOST[39m [37m/wd/hub/session[39m
[35m[HTTP][39m [90m{"desiredCapabilities":{"appActivity":".Settings","appPackage":"com.android.settings","newCommandTimeout":1800,"platformVersion":"12","automationName":"uiautomator2","autoGrantPermissions":true,"platformName":"Android","udid":"emulator-5554","deviceName":"emulator-5554 (sdk_gphone64_x86_64 - Android 12)","platform":"ANDROID","systemPort":8268},"capabilities":{"firstMatch":[{"appium:appActivity":".Settings","appium:appPackage":"com.android.settings","appium:autoGrantPermissions":true,"appium:automationName":"uiautomator2","appium:deviceName":"emulator-5554 (sdk_gphone64_x86_64 - Android 12)","appium:newCommandTimeout":1800,"platform":"ANDROID","platformName":"android","appium:platformVersion":"12","appium:systemPort":8268,"appium:udid":"emulator-5554"}]}}[39m
[35m[BaseDriver][39m The following capabilities are not standard capabilities and should have an extension prefix:
[35m[BaseDriver][39m   platform
[35m[BaseDriver][39m   chromedriverPort
[35m[Appium][39m Appium v1.22.3 creating new AndroidUiautomator2Driver (v1.70.1) session
[35m[BaseDriver][39m The following capabilities were provided, but are not recognized by Appium:
[35m[BaseDriver][39m   platform
[35m[BaseDriver][39m Session created with session id: befd3c52-2d1a-4c31-bdb7-776527c228a9
[35m[UiAutomator2][39m Starting 'com.android.settings' directly on the device
[35m[ADB][39m Found 1 'build-tools' folders under 'C:\Users\ASUS\.katalon\tools\android_sdk' (newest first):
[35m[ADB][39m     C:/Users/ASUS/.katalon/tools/android_sdk/build-tools/29.0.3
[35m[ADB][39m Using 'adb.exe' from 'C:\Users\ASUS\.katalon\tools\android_sdk\platform-tools\adb.exe'
[35m[AndroidDriver][39m Retrieving device list
[35m[AndroidDriver][39m Using device: emulator-5554
[35m[ADB][39m Using 'adb.exe' from 'C:\Users\ASUS\.katalon\tools\android_sdk\platform-tools\adb.exe'
[35m[ADB][39m Getting device platform version
[35m[UiAutomator2][39m Relaxing hidden api policy
[35m[AndroidDriver][39m No app sent in, not parsing package/activity
[35m[ADB][39m Using 'apksigner.jar' from 'C:\Users\ASUS\.katalon\tools\android_sdk\build-tools\29.0.3\lib\apksigner.jar'
[35m[ADB][39m 'C:\Users\ASUS\AppData\Roaming\npm\node_modules\appium\node_modules\appium-uiautomator2-server\apks\appium-uiautomator2-server-v4.27.0.apk' is signed with the default certificate
[35m[ADB][39m 'C:\Users\ASUS\AppData\Roaming\npm\node_modules\appium\node_modules\appium-uiautomator2-server\apks\appium-uiautomator2-server-debug-androidTest.apk' is signed with the default certificate
[35m[UiAutomator2][39m Server packages are not going to be (re)installed
[35m[ADB][39m Adding packages ["io.appium.settings","io.appium.uiautomator2.server","io.appium.uiautomator2.server.test"] to Doze whitelist
[35m[UiAutomator2][39m Starting UIAutomator2 server 4.27.0
[35m[UiAutomator2][39m Using UIAutomator2 server from 'C:\Users\ASUS\AppData\Roaming\npm\node_modules\appium\node_modules\appium-uiautomator2-server\apks\appium-uiautomator2-server-v4.27.0.apk' and test from 'C:\Users\ASUS\AppData\Roaming\npm\node_modules\appium\node_modules\appium-uiautomator2-server\apks\appium-uiautomator2-server-debug-androidTest.apk'
[35m[UiAutomator2][39m Waiting up to 30000ms for UiAutomator2 to be online...
[35m[WD Proxy][39m socket hang up
[35m[WD Proxy][39m socket hang up
[35m[WD Proxy][39m socket hang up
[35m[WD Proxy][39m socket hang up
[35m[WD Proxy][39m Determined the downstream protocol as 'W3C'
[35m[AndroidDriver][39m Screen already unlocked, doing nothing
[35m[UiAutomator2][39m Starting 'com.android.settings/.Settings and waiting for 'com.android.settings/.Settings'
[35m[Appium][39m New AndroidUiautomator2Driver session created successfully, session befd3c52-2d1a-4c31-bdb7-776527c228a9 added to master session list
[35m[HTTP][39m [37m<-- POST /wd/hub/session [39m[32m200[39m [90m19522 ms - 1191[39m
[35m[HTTP][39m [90m[39m
[35m[HTTP][39m [37m-->[39m [37mGET[39m [37m/wd/hub/session/befd3c52-2d1a-4c31-bdb7-776527c228a9[39m
[35m[HTTP][39m [90m{}[39m
[35m[HTTP][39m [37m<-- GET /wd/hub/session/befd3c52-2d1a-4c31-bdb7-776527c228a9 [39m[32m200[39m [90m49 ms - 1145[39m
[35m[HTTP][39m [90m[39m
[35m[HTTP][39m [37m-->[39m [37mGET[39m [37m/wd/hub/session/befd3c52-2d1a-4c31-bdb7-776527c228a9[39m
[35m[HTTP][39m [90m{}[39m
[35m[HTTP][39m [37m<-- GET /wd/hub/session/befd3c52-2d1a-4c31-bdb7-776527c228a9 [39m[32m200[39m [90m314 ms - 1145[39m
[35m[HTTP][39m [90m[39m
[35m[HTTP][39m [37m-->[39m [37mGET[39m [37m/wd/hub/status[39m
[35m[HTTP][39m [90m{}[39m
[35m[HTTP][39m [37m<-- GET /wd/hub/status [39m[32m200[39m [90m1 ms - 68[39m
[35m[HTTP][39m [90m[39m
[35m[HTTP][39m [37m-->[39m [37mPOST[39m [37m/wd/hub/session/befd3c52-2d1a-4c31-bdb7-776527c228a9/timeouts[39m
[35m[HTTP][39m [90m{"implicit":60000}[39m
[35m[HTTP][39m [37m<-- POST /wd/hub/session/befd3c52-2d1a-4c31-bdb7-776527c228a9/timeouts [39m[32m200[39m [90m5 ms - 14[39m
[35m[HTTP][39m [90m[39m
[35m[HTTP][39m [37m-->[39m [37mGET[39m [37m/wd/hub/session/befd3c52-2d1a-4c31-bdb7-776527c228a9/screenshot[39m
[35m[HTTP][39m [90m{}[39m
[35m[HTTP][39m [37m<-- GET /wd/hub/session/befd3c52-2d1a-4c31-bdb7-776527c228a9/screenshot [39m[32m200[39m [90m1170 ms - 172778[39m
[35m[HTTP][39m [90m[39m
[35m[HTTP][39m [37m-->[39m [37mGET[39m [37m/wd/hub/session/befd3c52-2d1a-4c31-bdb7-776527c228a9/window/rect[39m
[35m[HTTP][39m [90m{}[39m
[35m[HTTP][39m [37m<-- GET /wd/hub/session/befd3c52-2d1a-4c31-bdb7-776527c228a9/window/rect [39m[32m200[39m [90m38 ms - 50[39m
[35m[HTTP][39m [90m[39m
[35m[HTTP][39m [37m-->[39m [37mGET[39m [37m/wd/hub/session/befd3c52-2d1a-4c31-bdb7-776527c228a9/appium/device/system_bars[39m
[35m[HTTP][39m [90m{}[39m
[35m[HTTP][39m [37m<-- GET /wd/hub/session/befd3c52-2d1a-4c31-bdb7-776527c228a9/appium/device/system_bars [39m[32m200[39m [90m190 ms - 145[39m
[35m[HTTP][39m [90m[39m
[35m[HTTP][39m [37m-->[39m [37mPOST[39m [37m/wd/hub/session/befd3c52-2d1a-4c31-bdb7-776527c228a9/appium/device/activate_app[39m
[35m[HTTP][39m [90m{"bundleId":"com.google.android.calculator"}[39m
[35m[HTTP][39m [37m<-- POST /wd/hub/session/befd3c52-2d1a-4c31-bdb7-776527c228a9/appium/device/activate_app [39m[32m200[39m [90m1000 ms - 14[39m
[35m[HTTP][39m [90m[39m
[35m[HTTP][39m [37m-->[39m [37mGET[39m [37m/wd/hub/session/befd3c52-2d1a-4c31-bdb7-776527c228a9/source[39m
[35m[HTTP][39m [90m{}[39m
[35m[W3C (befd3c52)][39m Driver proxy active, passing request on via HTTP proxy
[35m[WD Proxy][39m Replacing sessionId eda0d8c9-b8c2-4396-8950-a7e01fc8f638 with befd3c52-2d1a-4c31-bdb7-776527c228a9
[35m[HTTP][39m [37m<-- GET /wd/hub/session/befd3c52-2d1a-4c31-bdb7-776527c228a9/source [39m[32m200[39m [90m1113 ms - 18691[39m
[35m[HTTP][39m [90m[39m
[35m[HTTP][39m [37m-->[39m [37mGET[39m [37m/wd/hub/session/befd3c52-2d1a-4c31-bdb7-776527c228a9/screenshot[39m
[35m[HTTP][39m [90m{}[39m
[35m[HTTP][39m [37m<-- GET /wd/hub/session/befd3c52-2d1a-4c31-bdb7-776527c228a9/screenshot [39m[32m200[39m [90m2101 ms - 125536[39m
[35m[HTTP][39m [90m[39m
[35m[HTTP][39m [37m-->[39m [37mGET[39m [37m/wd/hub/session/befd3c52-2d1a-4c31-bdb7-776527c228a9/source[39m
[35m[HTTP][39m [90m{}[39m
[35m[W3C (befd3c52)][39m Driver proxy active, passing request on via HTTP proxy
[35m[WD Proxy][39m Replacing sessionId eda0d8c9-b8c2-4396-8950-a7e01fc8f638 with befd3c52-2d1a-4c31-bdb7-776527c228a9
[35m[HTTP][39m [37m<-- GET /wd/hub/session/befd3c52-2d1a-4c31-bdb7-776527c228a9/source [39m[32m200[39m [90m363 ms - 22553[39m
[35m[HTTP][39m [90m[39m
[35m[HTTP][39m [37m-->[39m [37mGET[39m [37m/wd/hub/session/befd3c52-2d1a-4c31-bdb7-776527c228a9/screenshot[39m
[35m[HTTP][39m [90m{}[39m
[35m[HTTP][39m [37m<-- GET /wd/hub/session/befd3c52-2d1a-4c31-bdb7-776527c228a9/screenshot [39m[32m200[39m [90m983 ms - 138052[39m
[35m[HTTP][39m [90m[39m
[35m[HTTP][39m [37m-->[39m [37mPOST[39m [37m/wd/hub/session/befd3c52-2d1a-4c31-bdb7-776527c228a9/elements[39m
[35m[HTTP][39m [90m{"using":"xpath","value":"//*[@class = 'android.widget.Button' and (@text = 'x²' or . = 'x²') and @resource-id = 'com.google.android.calculator:id/op_sqr']"}[39m
[35m[HTTP][39m [37m<-- POST /wd/hub/session/befd3c52-2d1a-4c31-bdb7-776527c228a9/elements [39m[32m200[39m [90m1384 ms - 139[39m
[35m[HTTP][39m [90m[39m
[35m[HTTP][39m [37m-->[39m [37mPOST[39m [37m/wd/hub/session/befd3c52-2d1a-4c31-bdb7-776527c228a9/elements[39m
[35m[HTTP][39m [90m{"using":"xpath","value":"//*[@class = 'android.widget.Button' and (@text = 'sin⁻¹' or . = 'sin⁻¹') and @resource-id = 'com.google.android.calculator:id/fun_arcsin']"}[39m
[35m[HTTP][39m [37m<-- POST /wd/hub/session/befd3c52-2d1a-4c31-bdb7-776527c228a9/elements [39m[32m200[39m [90m339 ms - 139[39m
[35m[HTTP][39m [90m[39m
[35m[HTTP][39m [37m-->[39m [37mPOST[39m [37m/wd/hub/session/befd3c52-2d1a-4c31-bdb7-776527c228a9/elements[39m
[35m[HTTP][39m [90m{"using":"xpath","value":"//*[@class = 'android.widget.Button' and (@text = 'cos⁻¹' or . = 'cos⁻¹') and @resource-id = 'com.google.android.calculator:id/fun_arccos']"}[39m
[35m[HTTP][39m [37m<-- POST /wd/hub/session/befd3c52-2d1a-4c31-bdb7-776527c228a9/elements [39m[32m200[39m [90m362 ms - 139[39m
[35m[HTTP][39m [90m[39m
[35m[HTTP][39m [37m-->[39m [37mPOST[39m [37m/wd/hub/session/befd3c52-2d1a-4c31-bdb7-776527c228a9/elements[39m
[35m[HTTP][39m [90m{"using":"xpath","value":"//*[@class = 'android.widget.Button' and (@text = 'tan⁻¹' or . = 'tan⁻¹') and @resource-id = 'com.google.android.calculator:id/fun_arctan']"}[39m
[35m[HTTP][39m [37m<-- POST /wd/hub/session/befd3c52-2d1a-4c31-bdb7-776527c228a9/elements [39m[32m200[39m [90m430 ms - 139[39m
[35m[HTTP][39m [90m[39m
[35m[HTTP][39m [37m-->[39m [37mPOST[39m [37m/wd/hub/session/befd3c52-2d1a-4c31-bdb7-776527c228a9/elements[39m
[35m[HTTP][39m [90m{"using":"xpath","value":"//*[@class = 'android.widget.Button' and (@text = 'eˣ' or . = 'eˣ') and @resource-id = 'com.google.android.calculator:id/fun_exp']"}[39m
[35m[HTTP][39m [37m<-- POST /wd/hub/session/befd3c52-2d1a-4c31-bdb7-776527c228a9/elements [39m[32m200[39m [90m288 ms - 139[39m
[35m[HTTP][39m [90m[39m
[35m[HTTP][39m [37m-->[39m [37mPOST[39m [37m/wd/hub/session/befd3c52-2d1a-4c31-bdb7-776527c228a9/elements[39m
[35m[HTTP][39m [90m{"using":"xpath","value":"//*[@class = 'android.widget.Button' and (@text = '10ˣ' or . = '10ˣ') and @resource-id = 'com.google.android.calculator:id/fun_10pow']"}[39m
[35m[HTTP][39m [37m<-- POST /wd/hub/session/befd3c52-2d1a-4c31-bdb7-776527c228a9/elements [39m[32m200[39m [90m308 ms - 139[39m
[35m[HTTP][39m [90m[39m
[35m[HTTP][39m [37m-->[39m [37mGET[39m [37m/wd/hub/session/befd3c52-2d1a-4c31-bdb7-776527c228a9/source[39m
[35m[HTTP][39m [90m{}[39m
[35m[W3C (befd3c52)][39m Driver proxy active, passing request on via HTTP proxy
[35m[WD Proxy][39m Replacing sessionId eda0d8c9-b8c2-4396-8950-a7e01fc8f638 with befd3c52-2d1a-4c31-bdb7-776527c228a9
[35m[HTTP][39m [37m<-- GET /wd/hub/session/befd3c52-2d1a-4c31-bdb7-776527c228a9/source [39m[32m200[39m [90m358 ms - 22987[39m
[35m[HTTP][39m [90m[39m
[35m[HTTP][39m [37m-->[39m [37mGET[39m [37m/wd/hub/session/befd3c52-2d1a-4c31-bdb7-776527c228a9/screenshot[39m
[35m[HTTP][39m [90m{}[39m
[35m[HTTP][39m [37m<-- GET /wd/hub/session/befd3c52-2d1a-4c31-bdb7-776527c228a9/screenshot [39m[32m200[39m [90m797 ms - 158608[39m
[35m[HTTP][39m [90m[39m
[35m[HTTP][39m [37m-->[39m [37mGET[39m [37m/wd/hub/session/befd3c52-2d1a-4c31-bdb7-776527c228a9/source[39m
[35m[HTTP][39m [90m{}[39m
[35m[W3C (befd3c52)][39m Driver proxy active, passing request on via HTTP proxy
[35m[WD Proxy][39m Replacing sessionId eda0d8c9-b8c2-4396-8950-a7e01fc8f638 with befd3c52-2d1a-4c31-bdb7-776527c228a9
[35m[HTTP][39m [37m<-- GET /wd/hub/session/befd3c52-2d1a-4c31-bdb7-776527c228a9/source [39m[32m200[39m [90m276 ms - 22492[39m
[35m[HTTP][39m [90m[39m
[35m[HTTP][39m [37m-->[39m [37mGET[39m [37m/wd/hub/session/befd3c52-2d1a-4c31-bdb7-776527c228a9/screenshot[39m
[35m[HTTP][39m [90m{}[39m
[35m[HTTP][39m [37m<-- GET /wd/hub/session/befd3c52-2d1a-4c31-bdb7-776527c228a9/screenshot [39m[32m200[39m [90m964 ms - 138866[39m
[35m[HTTP][39m [90m[39m
[35m[HTTP][39m [37m-->[39m [37mGET[39m [37m/wd/hub/session/befd3c52-2d1a-4c31-bdb7-776527c228a9/source[39m
[35m[HTTP][39m [90m{}[39m
[35m[W3C (befd3c52)][39m Driver proxy active, passing request on via HTTP proxy
[35m[WD Proxy][39m Replacing sessionId eda0d8c9-b8c2-4396-8950-a7e01fc8f638 with befd3c52-2d1a-4c31-bdb7-776527c228a9
[35m[HTTP][39m [37m<-- GET /wd/hub/session/befd3c52-2d1a-4c31-bdb7-776527c228a9/source [39m[32m200[39m [90m208 ms - 22492[39m
[35m[HTTP][39m [90m[39m
[35m[HTTP][39m [37m-->[39m [37mGET[39m [37m/wd/hub/session/befd3c52-2d1a-4c31-bdb7-776527c228a9/screenshot[39m
[35m[HTTP][39m [90m{}[39m
[35m[HTTP][39m [37m<-- GET /wd/hub/session/befd3c52-2d1a-4c31-bdb7-776527c228a9/screenshot [39m[32m200[39m [90m1001 ms - 138258[39m
[35m[HTTP][39m [90m[39m
[35m[HTTP][39m [37m-->[39m [37mPOST[39m [37m/wd/hub/session/befd3c52-2d1a-4c31-bdb7-776527c228a9/elements[39m
[35m[HTTP][39m [90m{"using":"xpath","value":"//*[@class = 'android.widget.Button' and (@text = 'DEG' or . = 'DEG') and @resource-id = 'com.google.android.calculator:id/toggle_mode']"}[39m
[35m[HTTP][39m [37m<-- POST /wd/hub/session/befd3c52-2d1a-4c31-bdb7-776527c228a9/elements [39m[32m200[39m [90m310 ms - 139[39m
[35m[HTTP][39m [90m[39m
[35m[HTTP][39m [37m-->[39m [37mDELETE[39m [37m/wd/hub/session/befd3c52-2d1a-4c31-bdb7-776527c228a9[39m
[35m[HTTP][39m [90m{}[39m
[35m[Appium][39m Removing session befd3c52-2d1a-4c31-bdb7-776527c228a9 from our master session list
[35m[HTTP][39m [37m-->[39m [37mDELETE[39m [37m/wd/hub/session/befd3c52-2d1a-4c31-bdb7-776527c228a9[39m
[35m[HTTP][39m [90m{}[39m
[35m[HTTP][39m [37m<-- DELETE /wd/hub/session/befd3c52-2d1a-4c31-bdb7-776527c228a9 [39m[33m404[39m [90m211 ms - 2380[39m
[35m[HTTP][39m [90m[39m
[35m[UiAutomator2][39m Restoring hidden api policy to the device default configuration
[35m[HTTP][39m [37m<-- DELETE /wd/hub/session/befd3c52-2d1a-4c31-bdb7-776527c228a9 [39m[32m200[39m [90m3208 ms - 14[39m
[35m[HTTP][39m [90m[39m
